<?xml version="1.0" encoding="UTF-8"?>
<!-- Generated by org.testng.reporters.JUnitXMLReporter -->
<testsuite hostname="Sandeep" ignored="0" name="Test" tests="4" failures="0" timestamp="2021-05-30T16:48:44 IST" time="178.343" errors="0">
  <testcase name="gettitle" time="1.484" classname="eDoctorPro.E2EProject.PageTitle"/>
  <testcase name="basePageNavigation" time="0.442" classname="eDoctorPro.E2EProject.getNavigationBar"/>
  <testcase name="HomePage" time="36.384" classname="eDoctorPro.E2EProject.basepagenavigation"/>
  <testcase name="HomePage" time="13.205" classname="eDoctorPro.E2EProject.basepagenavigation"/>
</testsuite> <!-- Test -->
